<?xml version="1.0" encoding="UTF-8"?>
<testsuite name="com.ceiba.cliente.servicio.ServicioCrearClienteTest" tests="7" skipped="0" failures="0" errors="0" timestamp="2021-02-02T04:40:52" hostname="ANDRES-MONTOYA" time="0.005">
  <properties/>
  <testcase name="crearClienteTest" classname="com.ceiba.cliente.servicio.ServicioCrearClienteTest" time="0.001"/>
  <testcase name="validarCambioEstadoClienteEliminadoTest" classname="com.ceiba.cliente.servicio.ServicioCrearClienteTest" time="0.0"/>
  <testcase name="validarDireccionClienteTest" classname="com.ceiba.cliente.servicio.ServicioCrearClienteTest" time="0.001"/>
  <testcase name="validarApellidoClienteTest" classname="com.ceiba.cliente.servicio.ServicioCrearClienteTest" time="0.0"/>
  <testcase name="validarNombreClienteTest" classname="com.ceiba.cliente.servicio.ServicioCrearClienteTest" time="0.001"/>
  <testcase name="validarClienteExistenciaPreviaTest" classname="com.ceiba.cliente.servicio.ServicioCrearClienteTest" time="0.001"/>
  <testcase name="validarCedulaClienteTest" classname="com.ceiba.cliente.servicio.ServicioCrearClienteTest" time="0.0"/>
  <system-out><![CDATA[]]></system-out>
  <system-err><![CDATA[]]></system-err>
</testsuite>
