<?xml version="1.0" encoding="UTF-8"?>
<testsuite name="com.ceiba.cliente.servicio.ServicioEliminarClienteTest" tests="1" skipped="0" failures="0" errors="0" timestamp="2021-02-02T04:58:14" hostname="ANDRES-MONTOYA" time="0.001">
  <properties/>
  <testcase name="actualizarAutoTest" classname="com.ceiba.cliente.servicio.ServicioEliminarClienteTest" time="0.001"/>
  <system-out><![CDATA[]]></system-out>
  <system-err><![CDATA[]]></system-err>
</testsuite>
