<?xml version="1.0" encoding="UTF-8"?>
<testsuite name="com.ceiba.auto.servicio.ServicioCrearAutoTest" tests="1" skipped="0" failures="0" errors="0" timestamp="2021-01-31T04:39:15" hostname="ANDRES-MONTOYA" time="0.315">
  <properties/>
  <testcase name="validarAutoExistenciaPreviaTest" classname="com.ceiba.auto.servicio.ServicioCrearAutoTest" time="0.315"/>
  <system-out><![CDATA[]]></system-out>
  <system-err><![CDATA[]]></system-err>
</testsuite>
