<?xml version="1.0" encoding="UTF-8"?>
<testsuite name="com.ceiba.auto.servicio.ServicioCrearAutoTest" tests="7" skipped="0" failures="0" errors="0" timestamp="2021-02-02T04:58:14" hostname="ANDRES-MONTOYA" time="0.197">
  <properties/>
  <testcase name="validarPrecioPorDiaAutoTest" classname="com.ceiba.auto.servicio.ServicioCrearAutoTest" time="0.014"/>
  <testcase name="validarModeloAutoTest" classname="com.ceiba.auto.servicio.ServicioCrearAutoTest" time="0.001"/>
  <testcase name="validarAutoExistenciaPreviaTest" classname="com.ceiba.auto.servicio.ServicioCrearAutoTest" time="0.175"/>
  <testcase name="validarNombreAutoTest" classname="com.ceiba.auto.servicio.ServicioCrearAutoTest" time="0.0"/>
  <testcase name="validarSerialAutoTest" classname="com.ceiba.auto.servicio.ServicioCrearAutoTest" time="0.001"/>
  <testcase name="validarCambioEstadoAutoAlquiladoTest" classname="com.ceiba.auto.servicio.ServicioCrearAutoTest" time="0.005"/>
  <testcase name="crearAutoTest" classname="com.ceiba.auto.servicio.ServicioCrearAutoTest" time="0.0"/>
  <system-out><![CDATA[]]></system-out>
  <system-err><![CDATA[]]></system-err>
</testsuite>
