<?xml version="1.0" encoding="UTF-8"?>
<testsuite name="com.ceiba.usuario.servicio.ServicioCrearUsuarioTest" tests="2" skipped="0" failures="0" errors="0" timestamp="2021-02-01T22:06:48" hostname="ANDRES-MONTOYA" time="0.003">
  <properties/>
  <testcase name="validarClaveLongitudMenor4Test" classname="com.ceiba.usuario.servicio.ServicioCrearUsuarioTest" time="0.001"/>
  <testcase name="validarUsuarioExistenciaPreviaTest" classname="com.ceiba.usuario.servicio.ServicioCrearUsuarioTest" time="0.002"/>
  <system-out><![CDATA[]]></system-out>
  <system-err><![CDATA[]]></system-err>
</testsuite>
