<?xml version="1.0" encoding="UTF-8"?>
<testsuite name="com.ceiba.usuario.controlador.ConsultaControladorUsuarioTest" tests="1" skipped="0" failures="0" errors="0" timestamp="2021-02-01T21:14:14" hostname="ANDRES-MONTOYA" time="0.123">
  <properties/>
  <testcase name="listar" classname="com.ceiba.usuario.controlador.ConsultaControladorUsuarioTest" time="0.123"/>
  <system-out><![CDATA[2021-02-01 16:14:13.332  INFO 19164 --- [    Test worker] o.s.t.c.support.AbstractContextLoader    : Could not detect default resource locations for test class [com.ceiba.usuario.controlador.ConsultaControladorUsuarioTest]: no resource found for suffixes {-context.xml, Context.groovy}.
2021-02-01 16:14:13.338  INFO 19164 --- [    Test worker] .b.t.a.w.s.WebMvcTestContextBootstrapper : Loaded default TestExecutionListener class names from location [META-INF/spring.factories]: [org.springframework.boot.test.autoconfigure.restdocs.RestDocsTestExecutionListener, org.springframework.boot.test.autoconfigure.web.client.MockRestServiceServerResetTestExecutionListener, org.springframework.boot.test.autoconfigure.web.servlet.MockMvcPrintOnlyOnFailureTestExecutionListener, org.springframework.boot.test.autoconfigure.web.servlet.WebDriverTestExecutionListener, org.springframework.boot.test.mock.mockito.MockitoTestExecutionListener, org.springframework.boot.test.mock.mockito.ResetMocksTestExecutionListener, org.springframework.test.context.web.ServletTestExecutionListener, org.springframework.test.context.support.DirtiesContextBeforeModesTestExecutionListener, org.springframework.test.context.support.DependencyInjectionTestExecutionListener, org.springframework.test.context.support.DirtiesContextTestExecutionListener, org.springframework.test.context.transaction.TransactionalTestExecutionListener, org.springframework.test.context.jdbc.SqlScriptsTestExecutionListener, org.springframework.test.context.event.EventPublishingTestExecutionListener]
2021-02-01 16:14:13.339  INFO 19164 --- [    Test worker] .b.t.a.w.s.WebMvcTestContextBootstrapper : Using TestExecutionListeners: [org.springframework.test.context.web.ServletTestExecutionListener@2b0bdfc0, org.springframework.test.context.support.DirtiesContextBeforeModesTestExecutionListener@4deeca02, org.springframework.boot.test.mock.mockito.MockitoTestExecutionListener@1b3f6194, org.springframework.boot.test.autoconfigure.SpringBootDependencyInjectionTestExecutionListener@168296dc, org.springframework.test.context.support.DirtiesContextTestExecutionListener@6302ae13, org.springframework.test.context.transaction.TransactionalTestExecutionListener@5807d6ab, org.springframework.test.context.jdbc.SqlScriptsTestExecutionListener@38542ffe, org.springframework.test.context.event.EventPublishingTestExecutionListener@3ae26a5e, org.springframework.boot.test.autoconfigure.restdocs.RestDocsTestExecutionListener@4c663927, org.springframework.boot.test.autoconfigure.web.client.MockRestServiceServerResetTestExecutionListener@2ab20c8e, org.springframework.boot.test.autoconfigure.web.servlet.MockMvcPrintOnlyOnFailureTestExecutionListener@3300fdf9, org.springframework.boot.test.autoconfigure.web.servlet.WebDriverTestExecutionListener@1a19c15d, org.springframework.boot.test.mock.mockito.ResetMocksTestExecutionListener@67cb6c38]

  .   ____          _            __ _ _
 /\\ / ___'_ __ _ _(_)_ __  __ _ \ \ \ \
( ( )\___ | '_ | '_| | '_ \/ _` | \ \ \ \
 \\/  ___)| |_)| | | | | || (_| |  ) ) ) )
  '  |____| .__|_| |_|_| |_\__, | / / / /
 =========|_|==============|___/=/_/_/_/
 :: Spring Boot ::        (v2.2.4.RELEASE)

2021-02-01 16:14:13.384  INFO 19164 --- [    Test worker] c.c.u.c.ConsultaControladorUsuarioTest   : Starting ConsultaControladorUsuarioTest on ANDRES-MONTOYA with PID 19164 (started by andres.montoya in D:\CEIBA\ADN CEIBA\alquiler-autos-de-lujo\backend\microservicio\infraestructura)
2021-02-01 16:14:13.386  INFO 19164 --- [    Test worker] c.c.u.c.ConsultaControladorUsuarioTest   : No active profile set, falling back to default profiles: default
2021-02-01 16:14:13.874  INFO 19164 --- [    Test worker] com.zaxxer.hikari.HikariDataSource       : pool - Starting...
2021-02-01 16:14:13.876  INFO 19164 --- [    Test worker] com.zaxxer.hikari.HikariDataSource       : pool - Start completed.
2021-02-01 16:14:14.323  INFO 19164 --- [    Test worker] pertySourcedRequestMappingHandlerMapping : Mapped URL path [/v2/api-docs] onto method [springfox.documentation.swagger2.web.Swagger2Controller#getDocumentation(String, HttpServletRequest)]
2021-02-01 16:14:14.328  INFO 19164 --- [    Test worker] o.s.j.d.e.EmbeddedDatabaseFactory        : Starting embedded database: url='jdbc:h2:mem:testdb;DB_CLOSE_DELAY=-1;DB_CLOSE_ON_EXIT=false', username='sa'
2021-02-01 16:14:14.336  INFO 19164 --- [    Test worker] o.f.c.internal.database.DatabaseFactory  : Database: jdbc:h2:mem:testdb (H2 1.4)
2021-02-01 16:14:14.350  INFO 19164 --- [    Test worker] o.f.core.internal.command.DbValidate     : Successfully validated 2 migrations (execution time 00:00.007s)
2021-02-01 16:14:14.354  INFO 19164 --- [    Test worker] o.f.core.internal.command.DbMigrate      : Current version of schema "PUBLIC": 1.1
2021-02-01 16:14:14.355  INFO 19164 --- [    Test worker] o.f.core.internal.command.DbMigrate      : Schema "PUBLIC" is up to date. No migration necessary.
2021-02-01 16:14:14.446  INFO 19164 --- [    Test worker] o.s.s.concurrent.ThreadPoolTaskExecutor  : Initializing ExecutorService 'applicationTaskExecutor'
2021-02-01 16:14:14.601  INFO 19164 --- [    Test worker] o.s.b.t.m.w.SpringBootMockServletContext : Initializing Spring TestDispatcherServlet ''
2021-02-01 16:14:14.601  INFO 19164 --- [    Test worker] o.s.t.web.servlet.TestDispatcherServlet  : Initializing Servlet ''
2021-02-01 16:14:14.613  INFO 19164 --- [    Test worker] o.s.t.web.servlet.TestDispatcherServlet  : Completed initialization in 12 ms
2021-02-01 16:14:14.636  INFO 19164 --- [    Test worker] d.s.w.p.DocumentationPluginsBootstrapper : Context refreshed
2021-02-01 16:14:14.637  INFO 19164 --- [    Test worker] d.s.w.p.DocumentationPluginsBootstrapper : Found 1 custom documentation plugin(s)
2021-02-01 16:14:14.645  INFO 19164 --- [    Test worker] s.d.s.w.s.ApiListingReferenceScanner     : Scanning for api listing references
2021-02-01 16:14:14.686  INFO 19164 --- [    Test worker] .d.s.w.r.o.CachingOperationNameGenerator : Generating unique operation named: crearUsingPOST_1
2021-02-01 16:14:14.703  INFO 19164 --- [    Test worker] .d.s.w.r.o.CachingOperationNameGenerator : Generating unique operation named: actualizarUsingPUT_1
2021-02-01 16:14:14.708  INFO 19164 --- [    Test worker] .d.s.w.r.o.CachingOperationNameGenerator : Generating unique operation named: crearUsingPOST_2
2021-02-01 16:14:14.734  INFO 19164 --- [    Test worker] c.c.u.c.ConsultaControladorUsuarioTest   : Started ConsultaControladorUsuarioTest in 1.391 seconds (JVM running for 9.046)
]]></system-out>
  <system-err><![CDATA[]]></system-err>
</testsuite>
