<?xml version="1.0" encoding="UTF-8"?>
<testsuite name="com.ceiba.usuario.controlador.ConsultaControladorUsuarioTest" tests="1" skipped="0" failures="0" errors="0" timestamp="2021-02-02T04:58:25" hostname="ANDRES-MONTOYA" time="0.088">
  <properties/>
  <testcase name="listar" classname="com.ceiba.usuario.controlador.ConsultaControladorUsuarioTest" time="0.088"/>
  <system-out><![CDATA[2021-02-01 23:58:24.396  INFO 10020 --- [    Test worker] o.s.t.c.support.AbstractContextLoader    : Could not detect default resource locations for test class [com.ceiba.usuario.controlador.ConsultaControladorUsuarioTest]: no resource found for suffixes {-context.xml, Context.groovy}.
2021-02-01 23:58:24.400  INFO 10020 --- [    Test worker] .b.t.a.w.s.WebMvcTestContextBootstrapper : Loaded default TestExecutionListener class names from location [META-INF/spring.factories]: [org.springframework.boot.test.autoconfigure.restdocs.RestDocsTestExecutionListener, org.springframework.boot.test.autoconfigure.web.client.MockRestServiceServerResetTestExecutionListener, org.springframework.boot.test.autoconfigure.web.servlet.MockMvcPrintOnlyOnFailureTestExecutionListener, org.springframework.boot.test.autoconfigure.web.servlet.WebDriverTestExecutionListener, org.springframework.boot.test.mock.mockito.MockitoTestExecutionListener, org.springframework.boot.test.mock.mockito.ResetMocksTestExecutionListener, org.springframework.test.context.web.ServletTestExecutionListener, org.springframework.test.context.support.DirtiesContextBeforeModesTestExecutionListener, org.springframework.test.context.support.DependencyInjectionTestExecutionListener, org.springframework.test.context.support.DirtiesContextTestExecutionListener, org.springframework.test.context.transaction.TransactionalTestExecutionListener, org.springframework.test.context.jdbc.SqlScriptsTestExecutionListener, org.springframework.test.context.event.EventPublishingTestExecutionListener]
2021-02-01 23:58:24.400  INFO 10020 --- [    Test worker] .b.t.a.w.s.WebMvcTestContextBootstrapper : Using TestExecutionListeners: [org.springframework.test.context.web.ServletTestExecutionListener@1807ab53, org.springframework.test.context.support.DirtiesContextBeforeModesTestExecutionListener@646607b5, org.springframework.boot.test.mock.mockito.MockitoTestExecutionListener@1308658, org.springframework.boot.test.autoconfigure.SpringBootDependencyInjectionTestExecutionListener@51691a0a, org.springframework.test.context.support.DirtiesContextTestExecutionListener@74117e47, org.springframework.test.context.transaction.TransactionalTestExecutionListener@209e84df, org.springframework.test.context.jdbc.SqlScriptsTestExecutionListener@2599d4d2, org.springframework.test.context.event.EventPublishingTestExecutionListener@3c393321, org.springframework.boot.test.autoconfigure.restdocs.RestDocsTestExecutionListener@432581a7, org.springframework.boot.test.autoconfigure.web.client.MockRestServiceServerResetTestExecutionListener@17c94d60, org.springframework.boot.test.autoconfigure.web.servlet.MockMvcPrintOnlyOnFailureTestExecutionListener@7c9d340f, org.springframework.boot.test.autoconfigure.web.servlet.WebDriverTestExecutionListener@948a086, org.springframework.boot.test.mock.mockito.ResetMocksTestExecutionListener@660f30b1]

  .   ____          _            __ _ _
 /\\ / ___'_ __ _ _(_)_ __  __ _ \ \ \ \
( ( )\___ | '_ | '_| | '_ \/ _` | \ \ \ \
 \\/  ___)| |_)| | | | | || (_| |  ) ) ) )
  '  |____| .__|_| |_|_| |_\__, | / / / /
 =========|_|==============|___/=/_/_/_/
 :: Spring Boot ::        (v2.2.4.RELEASE)

2021-02-01 23:58:24.429  INFO 10020 --- [    Test worker] c.c.u.c.ConsultaControladorUsuarioTest   : Starting ConsultaControladorUsuarioTest on ANDRES-MONTOYA with PID 10020 (started by andres.montoya in D:\CEIBA\ADN CEIBA\alquiler-autos-de-lujo\backend\microservicio\infraestructura)
2021-02-01 23:58:24.429  INFO 10020 --- [    Test worker] c.c.u.c.ConsultaControladorUsuarioTest   : No active profile set, falling back to default profiles: default
2021-02-01 23:58:24.718  INFO 10020 --- [    Test worker] com.zaxxer.hikari.HikariDataSource       : pool - Starting...
2021-02-01 23:58:24.719  INFO 10020 --- [    Test worker] com.zaxxer.hikari.HikariDataSource       : pool - Start completed.
2021-02-01 23:58:25.029  INFO 10020 --- [    Test worker] pertySourcedRequestMappingHandlerMapping : Mapped URL path [/v2/api-docs] onto method [springfox.documentation.swagger2.web.Swagger2Controller#getDocumentation(String, HttpServletRequest)]
2021-02-01 23:58:25.031  INFO 10020 --- [    Test worker] o.s.j.d.e.EmbeddedDatabaseFactory        : Starting embedded database: url='jdbc:h2:mem:testdb;DB_CLOSE_DELAY=-1;DB_CLOSE_ON_EXIT=false', username='sa'
2021-02-01 23:58:25.035  INFO 10020 --- [    Test worker] o.f.c.internal.database.DatabaseFactory  : Database: jdbc:h2:mem:testdb (H2 1.4)
2021-02-01 23:58:25.045  INFO 10020 --- [    Test worker] o.f.core.internal.command.DbValidate     : Successfully validated 2 migrations (execution time 00:00.005s)
2021-02-01 23:58:25.048  INFO 10020 --- [    Test worker] o.f.core.internal.command.DbMigrate      : Current version of schema "PUBLIC": 1.1
2021-02-01 23:58:25.049  INFO 10020 --- [    Test worker] o.f.core.internal.command.DbMigrate      : Schema "PUBLIC" is up to date. No migration necessary.
2021-02-01 23:58:25.115  INFO 10020 --- [    Test worker] o.s.s.concurrent.ThreadPoolTaskExecutor  : Initializing ExecutorService 'applicationTaskExecutor'
2021-02-01 23:58:25.210  INFO 10020 --- [    Test worker] o.s.b.t.m.w.SpringBootMockServletContext : Initializing Spring TestDispatcherServlet ''
2021-02-01 23:58:25.210  INFO 10020 --- [    Test worker] o.s.t.web.servlet.TestDispatcherServlet  : Initializing Servlet ''
2021-02-01 23:58:25.216  INFO 10020 --- [    Test worker] o.s.t.web.servlet.TestDispatcherServlet  : Completed initialization in 6 ms
2021-02-01 23:58:25.226  INFO 10020 --- [    Test worker] d.s.w.p.DocumentationPluginsBootstrapper : Context refreshed
2021-02-01 23:58:25.227  INFO 10020 --- [    Test worker] d.s.w.p.DocumentationPluginsBootstrapper : Found 1 custom documentation plugin(s)
2021-02-01 23:58:25.234  INFO 10020 --- [    Test worker] s.d.s.w.s.ApiListingReferenceScanner     : Scanning for api listing references
2021-02-01 23:58:25.248  INFO 10020 --- [    Test worker] .d.s.w.r.o.CachingOperationNameGenerator : Generating unique operation named: crearUsingPOST_1
2021-02-01 23:58:25.252  INFO 10020 --- [    Test worker] .d.s.w.r.o.CachingOperationNameGenerator : Generating unique operation named: actualizarUsingPUT_1
2021-02-01 23:58:25.255  INFO 10020 --- [    Test worker] .d.s.w.r.o.CachingOperationNameGenerator : Generating unique operation named: crearUsingPOST_2
2021-02-01 23:58:25.261  INFO 10020 --- [    Test worker] .d.s.w.r.o.CachingOperationNameGenerator : Generating unique operation named: actualizarUsingPUT_2
2021-02-01 23:58:25.264  INFO 10020 --- [    Test worker] .d.s.w.r.o.CachingOperationNameGenerator : Generating unique operation named: crearUsingPOST_3
2021-02-01 23:58:25.266  INFO 10020 --- [    Test worker] .d.s.w.r.o.CachingOperationNameGenerator : Generating unique operation named: eliminarUsingDELETE_1
2021-02-01 23:58:25.274  INFO 10020 --- [    Test worker] c.c.u.c.ConsultaControladorUsuarioTest   : Started ConsultaControladorUsuarioTest in 0.87 seconds (JVM running for 9.348)
]]></system-out>
  <system-err><![CDATA[]]></system-err>
</testsuite>
