<?xml version="1.0" encoding="UTF-8"?>
<testsuite name="com.ceiba.auto.controlador.ComandoControladorAutoTest" tests="2" skipped="0" failures="0" errors="0" timestamp="2021-02-02T06:23:31" hostname="ANDRES-MONTOYA" time="0.028">
  <properties/>
  <testcase name="actualizar" classname="com.ceiba.auto.controlador.ComandoControladorAutoTest" time="0.019"/>
  <testcase name="crear" classname="com.ceiba.auto.controlador.ComandoControladorAutoTest" time="0.008"/>
  <system-out><![CDATA[2021-02-02 01:23:30.331  INFO 19424 --- [    Test worker] o.s.t.c.support.AbstractContextLoader    : Could not detect default resource locations for test class [com.ceiba.auto.controlador.ComandoControladorAutoTest]: no resource found for suffixes {-context.xml, Context.groovy}.
2021-02-02 01:23:30.335  INFO 19424 --- [    Test worker] .b.t.a.w.s.WebMvcTestContextBootstrapper : Loaded default TestExecutionListener class names from location [META-INF/spring.factories]: [org.springframework.boot.test.autoconfigure.restdocs.RestDocsTestExecutionListener, org.springframework.boot.test.autoconfigure.web.client.MockRestServiceServerResetTestExecutionListener, org.springframework.boot.test.autoconfigure.web.servlet.MockMvcPrintOnlyOnFailureTestExecutionListener, org.springframework.boot.test.autoconfigure.web.servlet.WebDriverTestExecutionListener, org.springframework.boot.test.mock.mockito.MockitoTestExecutionListener, org.springframework.boot.test.mock.mockito.ResetMocksTestExecutionListener, org.springframework.test.context.web.ServletTestExecutionListener, org.springframework.test.context.support.DirtiesContextBeforeModesTestExecutionListener, org.springframework.test.context.support.DependencyInjectionTestExecutionListener, org.springframework.test.context.support.DirtiesContextTestExecutionListener, org.springframework.test.context.transaction.TransactionalTestExecutionListener, org.springframework.test.context.jdbc.SqlScriptsTestExecutionListener, org.springframework.test.context.event.EventPublishingTestExecutionListener]
2021-02-02 01:23:30.335  INFO 19424 --- [    Test worker] .b.t.a.w.s.WebMvcTestContextBootstrapper : Using TestExecutionListeners: [org.springframework.test.context.web.ServletTestExecutionListener@11deab61, org.springframework.test.context.support.DirtiesContextBeforeModesTestExecutionListener@3bdb672, org.springframework.boot.test.mock.mockito.MockitoTestExecutionListener@4af10671, org.springframework.boot.test.autoconfigure.SpringBootDependencyInjectionTestExecutionListener@50bb75f9, org.springframework.test.context.support.DirtiesContextTestExecutionListener@34da492c, org.springframework.test.context.transaction.TransactionalTestExecutionListener@5a3a67e3, org.springframework.test.context.jdbc.SqlScriptsTestExecutionListener@18ba305b, org.springframework.test.context.event.EventPublishingTestExecutionListener@13a58a08, org.springframework.boot.test.autoconfigure.restdocs.RestDocsTestExecutionListener@75d02279, org.springframework.boot.test.autoconfigure.web.client.MockRestServiceServerResetTestExecutionListener@7cdc565f, org.springframework.boot.test.autoconfigure.web.servlet.MockMvcPrintOnlyOnFailureTestExecutionListener@35ad8977, org.springframework.boot.test.autoconfigure.web.servlet.WebDriverTestExecutionListener@ae7b000, org.springframework.boot.test.mock.mockito.ResetMocksTestExecutionListener@7ed088cf]

  .   ____          _            __ _ _
 /\\ / ___'_ __ _ _(_)_ __  __ _ \ \ \ \
( ( )\___ | '_ | '_| | '_ \/ _` | \ \ \ \
 \\/  ___)| |_)| | | | | || (_| |  ) ) ) )
  '  |____| .__|_| |_|_| |_\__, | / / / /
 =========|_|==============|___/=/_/_/_/
 :: Spring Boot ::        (v2.2.4.RELEASE)

2021-02-02 01:23:30.365  INFO 19424 --- [    Test worker] c.c.a.c.ComandoControladorAutoTest       : Starting ComandoControladorAutoTest on ANDRES-MONTOYA with PID 19424 (started by andres.montoya in D:\CEIBA\ADN CEIBA\alquiler-autos-de-lujo\backend\microservicio\infraestructura)
2021-02-02 01:23:30.366  INFO 19424 --- [    Test worker] c.c.a.c.ComandoControladorAutoTest       : No active profile set, falling back to default profiles: default
2021-02-02 01:23:30.672  INFO 19424 --- [    Test worker] com.zaxxer.hikari.HikariDataSource       : pool - Starting...
2021-02-02 01:23:30.673  INFO 19424 --- [    Test worker] com.zaxxer.hikari.HikariDataSource       : pool - Start completed.
2021-02-02 01:23:31.027  INFO 19424 --- [    Test worker] pertySourcedRequestMappingHandlerMapping : Mapped URL path [/v2/api-docs] onto method [springfox.documentation.swagger2.web.Swagger2Controller#getDocumentation(String, HttpServletRequest)]
2021-02-02 01:23:31.031  INFO 19424 --- [    Test worker] o.s.j.d.e.EmbeddedDatabaseFactory        : Starting embedded database: url='jdbc:h2:mem:testdb;DB_CLOSE_DELAY=-1;DB_CLOSE_ON_EXIT=false', username='sa'
2021-02-02 01:23:31.038  INFO 19424 --- [    Test worker] o.f.c.internal.database.DatabaseFactory  : Database: jdbc:h2:mem:testdb (H2 1.4)
2021-02-02 01:23:31.052  INFO 19424 --- [    Test worker] o.f.core.internal.command.DbValidate     : Successfully validated 2 migrations (execution time 00:00.008s)
2021-02-02 01:23:31.057  INFO 19424 --- [    Test worker] o.f.core.internal.command.DbMigrate      : Current version of schema "PUBLIC": 1.1
2021-02-02 01:23:31.058  INFO 19424 --- [    Test worker] o.f.core.internal.command.DbMigrate      : Schema "PUBLIC" is up to date. No migration necessary.
2021-02-02 01:23:31.129  INFO 19424 --- [    Test worker] o.s.s.concurrent.ThreadPoolTaskExecutor  : Initializing ExecutorService 'applicationTaskExecutor'
2021-02-02 01:23:31.238  INFO 19424 --- [    Test worker] o.s.b.t.m.w.SpringBootMockServletContext : Initializing Spring TestDispatcherServlet ''
2021-02-02 01:23:31.239  INFO 19424 --- [    Test worker] o.s.t.web.servlet.TestDispatcherServlet  : Initializing Servlet ''
2021-02-02 01:23:31.248  INFO 19424 --- [    Test worker] o.s.t.web.servlet.TestDispatcherServlet  : Completed initialization in 9 ms
2021-02-02 01:23:31.266  INFO 19424 --- [    Test worker] d.s.w.p.DocumentationPluginsBootstrapper : Context refreshed
2021-02-02 01:23:31.267  INFO 19424 --- [    Test worker] d.s.w.p.DocumentationPluginsBootstrapper : Found 1 custom documentation plugin(s)
2021-02-02 01:23:31.273  INFO 19424 --- [    Test worker] s.d.s.w.s.ApiListingReferenceScanner     : Scanning for api listing references
2021-02-02 01:23:31.306  INFO 19424 --- [    Test worker] .d.s.w.r.o.CachingOperationNameGenerator : Generating unique operation named: crearUsingPOST_1
2021-02-02 01:23:31.317  INFO 19424 --- [    Test worker] .d.s.w.r.o.CachingOperationNameGenerator : Generating unique operation named: actualizarUsingPUT_1
2021-02-02 01:23:31.323  INFO 19424 --- [    Test worker] .d.s.w.r.o.CachingOperationNameGenerator : Generating unique operation named: crearUsingPOST_2
2021-02-02 01:23:31.330  INFO 19424 --- [    Test worker] c.c.a.c.ComandoControladorAutoTest       : Started ComandoControladorAutoTest in 0.992 seconds (JVM running for 7.594)
]]></system-out>
  <system-err><![CDATA[]]></system-err>
</testsuite>
