<?xml version="1.0" encoding="UTF-8"?>
<testsuite name="com.ceiba.usuario.controlador.ComandoControladorUsuarioTest" tests="3" skipped="0" failures="0" errors="0" timestamp="2021-01-29T22:04:40" hostname="ANDRES-MONTOYA" time="0.793">
  <properties/>
  <testcase name="actualizar" classname="com.ceiba.usuario.controlador.ComandoControladorUsuarioTest" time="0.747"/>
  <testcase name="crear" classname="com.ceiba.usuario.controlador.ComandoControladorUsuarioTest" time="0.038"/>
  <testcase name="eliminar" classname="com.ceiba.usuario.controlador.ComandoControladorUsuarioTest" time="0.006"/>
  <system-out><![CDATA[17:04:32.907 [Test worker] DEBUG org.springframework.test.context.junit4.SpringJUnit4ClassRunner - SpringJUnit4ClassRunner constructor called with [class com.ceiba.usuario.controlador.ComandoControladorUsuarioTest]
17:04:32.927 [Test worker] DEBUG org.springframework.test.context.BootstrapUtils - Instantiating CacheAwareContextLoaderDelegate from class [org.springframework.test.context.cache.DefaultCacheAwareContextLoaderDelegate]
17:04:32.954 [Test worker] DEBUG org.springframework.test.context.BootstrapUtils - Instantiating BootstrapContext using constructor [public org.springframework.test.context.support.DefaultBootstrapContext(java.lang.Class,org.springframework.test.context.CacheAwareContextLoaderDelegate)]
17:04:33.068 [Test worker] DEBUG org.springframework.test.context.BootstrapUtils - Instantiating TestContextBootstrapper for test class [com.ceiba.usuario.controlador.ComandoControladorUsuarioTest] from class [org.springframework.boot.test.autoconfigure.web.servlet.WebMvcTestContextBootstrapper]
17:04:33.144 [Test worker] DEBUG org.springframework.test.context.support.AbstractContextLoader - Did not detect default resource location for test class [com.ceiba.usuario.controlador.ComandoControladorUsuarioTest]: class path resource [com/ceiba/usuario/controlador/ComandoControladorUsuarioTest-context.xml] does not exist
17:04:33.146 [Test worker] DEBUG org.springframework.test.context.support.AbstractContextLoader - Did not detect default resource location for test class [com.ceiba.usuario.controlador.ComandoControladorUsuarioTest]: class path resource [com/ceiba/usuario/controlador/ComandoControladorUsuarioTestContext.groovy] does not exist
17:04:33.146 [Test worker] INFO org.springframework.test.context.support.AbstractContextLoader - Could not detect default resource locations for test class [com.ceiba.usuario.controlador.ComandoControladorUsuarioTest]: no resource found for suffixes {-context.xml, Context.groovy}.
17:04:33.314 [Test worker] DEBUG org.springframework.test.context.support.ActiveProfilesUtils - Could not find an 'annotation declaring class' for annotation type [org.springframework.test.context.ActiveProfiles] and class [com.ceiba.usuario.controlador.ComandoControladorUsuarioTest]
17:04:33.325 [Test worker] DEBUG org.springframework.boot.test.autoconfigure.web.servlet.WebMvcTestContextBootstrapper - @TestExecutionListeners is not present for class [com.ceiba.usuario.controlador.ComandoControladorUsuarioTest]: using defaults.
17:04:33.326 [Test worker] INFO org.springframework.boot.test.autoconfigure.web.servlet.WebMvcTestContextBootstrapper - Loaded default TestExecutionListener class names from location [META-INF/spring.factories]: [org.springframework.boot.test.autoconfigure.restdocs.RestDocsTestExecutionListener, org.springframework.boot.test.autoconfigure.web.client.MockRestServiceServerResetTestExecutionListener, org.springframework.boot.test.autoconfigure.web.servlet.MockMvcPrintOnlyOnFailureTestExecutionListener, org.springframework.boot.test.autoconfigure.web.servlet.WebDriverTestExecutionListener, org.springframework.boot.test.mock.mockito.MockitoTestExecutionListener, org.springframework.boot.test.mock.mockito.ResetMocksTestExecutionListener, org.springframework.test.context.web.ServletTestExecutionListener, org.springframework.test.context.support.DirtiesContextBeforeModesTestExecutionListener, org.springframework.test.context.support.DependencyInjectionTestExecutionListener, org.springframework.test.context.support.DirtiesContextTestExecutionListener, org.springframework.test.context.transaction.TransactionalTestExecutionListener, org.springframework.test.context.jdbc.SqlScriptsTestExecutionListener, org.springframework.test.context.event.EventPublishingTestExecutionListener]
17:04:33.374 [Test worker] INFO org.springframework.boot.test.autoconfigure.web.servlet.WebMvcTestContextBootstrapper - Using TestExecutionListeners: [org.springframework.test.context.web.ServletTestExecutionListener@46cc1f17, org.springframework.test.context.support.DirtiesContextBeforeModesTestExecutionListener@562c37a, org.springframework.boot.test.mock.mockito.MockitoTestExecutionListener@2b460161, org.springframework.boot.test.autoconfigure.SpringBootDependencyInjectionTestExecutionListener@1f5a03f5, org.springframework.test.context.support.DirtiesContextTestExecutionListener@39c893ae, org.springframework.test.context.transaction.TransactionalTestExecutionListener@2a22eefe, org.springframework.test.context.jdbc.SqlScriptsTestExecutionListener@3174afd2, org.springframework.test.context.event.EventPublishingTestExecutionListener@7efe47a2, org.springframework.boot.test.autoconfigure.restdocs.RestDocsTestExecutionListener@356ee30, org.springframework.boot.test.autoconfigure.web.client.MockRestServiceServerResetTestExecutionListener@3e3ea5ba, org.springframework.boot.test.autoconfigure.web.servlet.MockMvcPrintOnlyOnFailureTestExecutionListener@2aa09790, org.springframework.boot.test.autoconfigure.web.servlet.WebDriverTestExecutionListener@266f1631, org.springframework.boot.test.mock.mockito.ResetMocksTestExecutionListener@12fc4ba2]
17:04:33.384 [Test worker] DEBUG org.springframework.test.annotation.ProfileValueUtils - Retrieved @ProfileValueSourceConfiguration [null] for test class [com.ceiba.usuario.controlador.ComandoControladorUsuarioTest]
17:04:33.386 [Test worker] DEBUG org.springframework.test.annotation.ProfileValueUtils - Retrieved ProfileValueSource type [class org.springframework.test.annotation.SystemProfileValueSource] for class [com.ceiba.usuario.controlador.ComandoControladorUsuarioTest]
17:04:33.389 [Test worker] DEBUG org.springframework.test.annotation.ProfileValueUtils - Retrieved @ProfileValueSourceConfiguration [null] for test class [com.ceiba.usuario.controlador.ComandoControladorUsuarioTest]
17:04:33.389 [Test worker] DEBUG org.springframework.test.annotation.ProfileValueUtils - Retrieved ProfileValueSource type [class org.springframework.test.annotation.SystemProfileValueSource] for class [com.ceiba.usuario.controlador.ComandoControladorUsuarioTest]
17:04:33.400 [Test worker] DEBUG org.springframework.test.context.support.AbstractDirtiesContextTestExecutionListener - Before test class: context [DefaultTestContext@18e5f4f7 testClass = ComandoControladorUsuarioTest, testInstance = [null], testMethod = [null], testException = [null], mergedContextConfiguration = [WebMergedContextConfiguration@7e8aeed5 testClass = ComandoControladorUsuarioTest, locations = '{}', classes = '{class com.ceiba.ApplicationMock}', contextInitializerClasses = '[]', activeProfiles = '{}', propertySourceLocations = '{}', propertySourceProperties = '{org.springframework.boot.test.autoconfigure.web.servlet.WebMvcTestContextBootstrapper=true}', contextCustomizers = set[org.springframework.boot.test.autoconfigure.OverrideAutoConfigurationContextCustomizerFactory$DisableAutoConfigurationContextCustomizer@6fbe9fe2, org.springframework.boot.test.autoconfigure.filter.TypeExcludeFiltersContextCustomizer@3ea2d7ae, org.springframework.boot.test.autoconfigure.properties.PropertyMappingContextCustomizer@14734168, org.springframework.boot.test.autoconfigure.web.servlet.WebDriverContextCustomizerFactory$Customizer@4cda4cd6, [ImportsContextCustomizer@41298537 key = [org.springframework.boot.autoconfigure.cache.CacheAutoConfiguration, org.springframework.boot.autoconfigure.context.MessageSourceAutoConfiguration, org.springframework.boot.autoconfigure.data.web.SpringDataWebAutoConfiguration, org.springframework.boot.autoconfigure.freemarker.FreeMarkerAutoConfiguration, org.springframework.boot.autoconfigure.groovy.template.GroovyTemplateAutoConfiguration, org.springframework.boot.autoconfigure.gson.GsonAutoConfiguration, org.springframework.boot.autoconfigure.hateoas.HypermediaAutoConfiguration, org.springframework.boot.autoconfigure.http.HttpMessageConvertersAutoConfiguration, org.springframework.boot.autoconfigure.jackson.JacksonAutoConfiguration, org.springframework.boot.autoconfigure.jsonb.JsonbAutoConfiguration, org.springframework.boot.autoconfigure.mustache.MustacheAutoConfiguration, org.springframework.boot.autoconfigure.task.TaskExecutionAutoConfiguration, org.springframework.boot.autoconfigure.thymeleaf.ThymeleafAutoConfiguration, org.springframework.boot.autoconfigure.validation.ValidationAutoConfiguration, org.springframework.boot.autoconfigure.web.servlet.error.ErrorMvcAutoConfiguration, org.springframework.boot.autoconfigure.web.servlet.WebMvcAutoConfiguration, org.springframework.boot.test.autoconfigure.web.servlet.MockMvcAutoConfiguration, org.springframework.boot.test.autoconfigure.web.servlet.MockMvcWebClientAutoConfiguration, org.springframework.boot.test.autoconfigure.web.servlet.MockMvcWebDriverAutoConfiguration, org.springframework.boot.autoconfigure.security.servlet.SecurityAutoConfiguration, org.springframework.boot.autoconfigure.security.servlet.UserDetailsServiceAutoConfiguration, org.springframework.boot.test.autoconfigure.web.servlet.MockMvcSecurityConfiguration]], org.springframework.boot.test.context.filter.ExcludeFilterContextCustomizer@124669be, org.springframework.boot.test.json.DuplicateJsonObjectContextCustomizerFactory$DuplicateJsonObjectContextCustomizer@6bdde8eb, org.springframework.boot.test.mock.mockito.MockitoContextCustomizer@0], resourceBasePath = 'src/main/webapp', contextLoader = 'org.springframework.boot.test.context.SpringBootContextLoader', parent = [null]], attributes = map[[empty]]], class annotated with @DirtiesContext [false] with mode [null].
17:04:33.405 [Test worker] DEBUG org.springframework.test.annotation.ProfileValueUtils - Retrieved @ProfileValueSourceConfiguration [null] for test class [com.ceiba.usuario.controlador.ComandoControladorUsuarioTest]
17:04:33.406 [Test worker] DEBUG org.springframework.test.annotation.ProfileValueUtils - Retrieved ProfileValueSource type [class org.springframework.test.annotation.SystemProfileValueSource] for class [com.ceiba.usuario.controlador.ComandoControladorUsuarioTest]
17:04:33.420 [Test worker] DEBUG org.springframework.test.context.support.DependencyInjectionTestExecutionListener - Performing dependency injection for test context [[DefaultTestContext@18e5f4f7 testClass = ComandoControladorUsuarioTest, testInstance = com.ceiba.usuario.controlador.ComandoControladorUsuarioTest@3eec0486, testMethod = [null], testException = [null], mergedContextConfiguration = [WebMergedContextConfiguration@7e8aeed5 testClass = ComandoControladorUsuarioTest, locations = '{}', classes = '{class com.ceiba.ApplicationMock}', contextInitializerClasses = '[]', activeProfiles = '{}', propertySourceLocations = '{}', propertySourceProperties = '{org.springframework.boot.test.autoconfigure.web.servlet.WebMvcTestContextBootstrapper=true}', contextCustomizers = set[org.springframework.boot.test.autoconfigure.OverrideAutoConfigurationContextCustomizerFactory$DisableAutoConfigurationContextCustomizer@6fbe9fe2, org.springframework.boot.test.autoconfigure.filter.TypeExcludeFiltersContextCustomizer@3ea2d7ae, org.springframework.boot.test.autoconfigure.properties.PropertyMappingContextCustomizer@14734168, org.springframework.boot.test.autoconfigure.web.servlet.WebDriverContextCustomizerFactory$Customizer@4cda4cd6, [ImportsContextCustomizer@41298537 key = [org.springframework.boot.autoconfigure.cache.CacheAutoConfiguration, org.springframework.boot.autoconfigure.context.MessageSourceAutoConfiguration, org.springframework.boot.autoconfigure.data.web.SpringDataWebAutoConfiguration, org.springframework.boot.autoconfigure.freemarker.FreeMarkerAutoConfiguration, org.springframework.boot.autoconfigure.groovy.template.GroovyTemplateAutoConfiguration, org.springframework.boot.autoconfigure.gson.GsonAutoConfiguration, org.springframework.boot.autoconfigure.hateoas.HypermediaAutoConfiguration, org.springframework.boot.autoconfigure.http.HttpMessageConvertersAutoConfiguration, org.springframework.boot.autoconfigure.jackson.JacksonAutoConfiguration, org.springframework.boot.autoconfigure.jsonb.JsonbAutoConfiguration, org.springframework.boot.autoconfigure.mustache.MustacheAutoConfiguration, org.springframework.boot.autoconfigure.task.TaskExecutionAutoConfiguration, org.springframework.boot.autoconfigure.thymeleaf.ThymeleafAutoConfiguration, org.springframework.boot.autoconfigure.validation.ValidationAutoConfiguration, org.springframework.boot.autoconfigure.web.servlet.error.ErrorMvcAutoConfiguration, org.springframework.boot.autoconfigure.web.servlet.WebMvcAutoConfiguration, org.springframework.boot.test.autoconfigure.web.servlet.MockMvcAutoConfiguration, org.springframework.boot.test.autoconfigure.web.servlet.MockMvcWebClientAutoConfiguration, org.springframework.boot.test.autoconfigure.web.servlet.MockMvcWebDriverAutoConfiguration, org.springframework.boot.autoconfigure.security.servlet.SecurityAutoConfiguration, org.springframework.boot.autoconfigure.security.servlet.UserDetailsServiceAutoConfiguration, org.springframework.boot.test.autoconfigure.web.servlet.MockMvcSecurityConfiguration]], org.springframework.boot.test.context.filter.ExcludeFilterContextCustomizer@124669be, org.springframework.boot.test.json.DuplicateJsonObjectContextCustomizerFactory$DuplicateJsonObjectContextCustomizer@6bdde8eb, org.springframework.boot.test.mock.mockito.MockitoContextCustomizer@0], resourceBasePath = 'src/main/webapp', contextLoader = 'org.springframework.boot.test.context.SpringBootContextLoader', parent = [null]], attributes = map[[empty]]]].
17:04:33.799 [Test worker] DEBUG org.springframework.test.context.support.TestPropertySourceUtils - Adding inlined properties to environment: {spring.jmx.enabled=false, org.springframework.boot.test.autoconfigure.web.servlet.WebMvcTestContextBootstrapper=true, server.port=-1}

  .   ____          _            __ _ _
 /\\ / ___'_ __ _ _(_)_ __  __ _ \ \ \ \
( ( )\___ | '_ | '_| | '_ \/ _` | \ \ \ \
 \\/  ___)| |_)| | | | | || (_| |  ) ) ) )
  '  |____| .__|_| |_|_| |_\__, | / / / /
 =========|_|==============|___/=/_/_/_/
 :: Spring Boot ::        (v2.2.4.RELEASE)

2021-01-29 17:04:34.749  INFO 13696 --- [    Test worker] c.c.u.c.ComandoControladorUsuarioTest    : Starting ComandoControladorUsuarioTest on ANDRES-MONTOYA with PID 13696 (started by andres.montoya in D:\CEIBA\ADN CEIBA\java-arquitectura-hexagonal\microservicio\infraestructura)
2021-01-29 17:04:34.756  INFO 13696 --- [    Test worker] c.c.u.c.ComandoControladorUsuarioTest    : No active profile set, falling back to default profiles: default
2021-01-29 17:04:37.270  INFO 13696 --- [    Test worker] com.zaxxer.hikari.HikariDataSource       : pool - Starting...
2021-01-29 17:04:37.777  INFO 13696 --- [    Test worker] com.zaxxer.hikari.HikariDataSource       : pool - Start completed.
2021-01-29 17:04:39.028  INFO 13696 --- [    Test worker] pertySourcedRequestMappingHandlerMapping : Mapped URL path [/v2/api-docs] onto method [springfox.documentation.swagger2.web.Swagger2Controller#getDocumentation(String, HttpServletRequest)]
2021-01-29 17:04:39.074  INFO 13696 --- [    Test worker] o.s.j.d.e.EmbeddedDatabaseFactory        : Starting embedded database: url='jdbc:h2:mem:testdb;DB_CLOSE_DELAY=-1;DB_CLOSE_ON_EXIT=false', username='sa'
2021-01-29 17:04:39.140  INFO 13696 --- [    Test worker] o.f.c.internal.license.VersionPrinter    : Flyway Community Edition 5.2.1 by Boxfuse
2021-01-29 17:04:39.179  INFO 13696 --- [    Test worker] o.f.c.internal.database.DatabaseFactory  : Database: jdbc:h2:mem:testdb (H2 1.4)
2021-01-29 17:04:39.333  INFO 13696 --- [    Test worker] o.f.core.internal.command.DbValidate     : Successfully validated 2 migrations (execution time 00:00.025s)
2021-01-29 17:04:39.348  INFO 13696 --- [    Test worker] o.f.c.i.s.JdbcTableSchemaHistory         : Creating Schema History table: "PUBLIC"."flyway_schema_history"
2021-01-29 17:04:39.384  INFO 13696 --- [    Test worker] o.f.core.internal.command.DbMigrate      : Current version of schema "PUBLIC": << Empty Schema >>
2021-01-29 17:04:39.386  INFO 13696 --- [    Test worker] o.f.core.internal.command.DbMigrate      : Migrating schema "PUBLIC" to version 1.0 - schema
2021-01-29 17:04:39.412  INFO 13696 --- [    Test worker] o.f.core.internal.command.DbMigrate      : Migrating schema "PUBLIC" to version 1.1 - data
2021-01-29 17:04:39.425  INFO 13696 --- [    Test worker] o.f.core.internal.command.DbMigrate      : Successfully applied 2 migrations to schema "PUBLIC" (execution time 00:00.078s)
2021-01-29 17:04:39.637  INFO 13696 --- [    Test worker] o.s.s.concurrent.ThreadPoolTaskExecutor  : Initializing ExecutorService 'applicationTaskExecutor'
2021-01-29 17:04:40.054  INFO 13696 --- [    Test worker] o.s.b.t.m.w.SpringBootMockServletContext : Initializing Spring TestDispatcherServlet ''
2021-01-29 17:04:40.054  INFO 13696 --- [    Test worker] o.s.t.web.servlet.TestDispatcherServlet  : Initializing Servlet ''
2021-01-29 17:04:40.078  INFO 13696 --- [    Test worker] o.s.t.web.servlet.TestDispatcherServlet  : Completed initialization in 23 ms
2021-01-29 17:04:40.136  INFO 13696 --- [    Test worker] d.s.w.p.DocumentationPluginsBootstrapper : Context refreshed
2021-01-29 17:04:40.192  INFO 13696 --- [    Test worker] d.s.w.p.DocumentationPluginsBootstrapper : Found 1 custom documentation plugin(s)
2021-01-29 17:04:40.256  INFO 13696 --- [    Test worker] s.d.s.w.s.ApiListingReferenceScanner     : Scanning for api listing references
2021-01-29 17:04:40.554  INFO 13696 --- [    Test worker] c.c.u.c.ComandoControladorUsuarioTest    : Started ComandoControladorUsuarioTest in 6.728 seconds (JVM running for 9.326)
]]></system-out>
  <system-err><![CDATA[]]></system-err>
</testsuite>
