<?xml version="1.0" encoding="UTF-8"?>
<testsuite name="com.ceiba.usuario.controlador.ConsultaControladorUsuarioTest" tests="1" skipped="0" failures="0" errors="0" timestamp="2021-01-29T22:04:42" hostname="ANDRES-MONTOYA" time="0.136">
  <properties/>
  <testcase name="listar" classname="com.ceiba.usuario.controlador.ConsultaControladorUsuarioTest" time="0.136"/>
  <system-out><![CDATA[2021-01-29 17:04:41.367  INFO 13696 --- [    Test worker] o.s.t.c.support.AbstractContextLoader    : Could not detect default resource locations for test class [com.ceiba.usuario.controlador.ConsultaControladorUsuarioTest]: no resource found for suffixes {-context.xml, Context.groovy}.
2021-01-29 17:04:41.373  INFO 13696 --- [    Test worker] .b.t.a.w.s.WebMvcTestContextBootstrapper : Loaded default TestExecutionListener class names from location [META-INF/spring.factories]: [org.springframework.boot.test.autoconfigure.restdocs.RestDocsTestExecutionListener, org.springframework.boot.test.autoconfigure.web.client.MockRestServiceServerResetTestExecutionListener, org.springframework.boot.test.autoconfigure.web.servlet.MockMvcPrintOnlyOnFailureTestExecutionListener, org.springframework.boot.test.autoconfigure.web.servlet.WebDriverTestExecutionListener, org.springframework.boot.test.mock.mockito.MockitoTestExecutionListener, org.springframework.boot.test.mock.mockito.ResetMocksTestExecutionListener, org.springframework.test.context.web.ServletTestExecutionListener, org.springframework.test.context.support.DirtiesContextBeforeModesTestExecutionListener, org.springframework.test.context.support.DependencyInjectionTestExecutionListener, org.springframework.test.context.support.DirtiesContextTestExecutionListener, org.springframework.test.context.transaction.TransactionalTestExecutionListener, org.springframework.test.context.jdbc.SqlScriptsTestExecutionListener, org.springframework.test.context.event.EventPublishingTestExecutionListener]
2021-01-29 17:04:41.373  INFO 13696 --- [    Test worker] .b.t.a.w.s.WebMvcTestContextBootstrapper : Using TestExecutionListeners: [org.springframework.test.context.web.ServletTestExecutionListener@627a4312, org.springframework.test.context.support.DirtiesContextBeforeModesTestExecutionListener@51bd70df, org.springframework.boot.test.mock.mockito.MockitoTestExecutionListener@589ef7d4, org.springframework.boot.test.autoconfigure.SpringBootDependencyInjectionTestExecutionListener@633963d8, org.springframework.test.context.support.DirtiesContextTestExecutionListener@53ebce7e, org.springframework.test.context.transaction.TransactionalTestExecutionListener@696a7754, org.springframework.test.context.jdbc.SqlScriptsTestExecutionListener@46e51dfa, org.springframework.test.context.event.EventPublishingTestExecutionListener@6eea915d, org.springframework.boot.test.autoconfigure.restdocs.RestDocsTestExecutionListener@637f3ac0, org.springframework.boot.test.autoconfigure.web.client.MockRestServiceServerResetTestExecutionListener@5915312c, org.springframework.boot.test.autoconfigure.web.servlet.MockMvcPrintOnlyOnFailureTestExecutionListener@3771ed39, org.springframework.boot.test.autoconfigure.web.servlet.WebDriverTestExecutionListener@d2be2f3, org.springframework.boot.test.mock.mockito.ResetMocksTestExecutionListener@171860ac]

  .   ____          _            __ _ _
 /\\ / ___'_ __ _ _(_)_ __  __ _ \ \ \ \
( ( )\___ | '_ | '_| | '_ \/ _` | \ \ \ \
 \\/  ___)| |_)| | | | | || (_| |  ) ) ) )
  '  |____| .__|_| |_|_| |_\__, | / / / /
 =========|_|==============|___/=/_/_/_/
 :: Spring Boot ::        (v2.2.4.RELEASE)

2021-01-29 17:04:41.407  INFO 13696 --- [    Test worker] c.c.u.c.ConsultaControladorUsuarioTest   : Starting ConsultaControladorUsuarioTest on ANDRES-MONTOYA with PID 13696 (started by andres.montoya in D:\CEIBA\ADN CEIBA\java-arquitectura-hexagonal\microservicio\infraestructura)
2021-01-29 17:04:41.408  INFO 13696 --- [    Test worker] c.c.u.c.ConsultaControladorUsuarioTest   : No active profile set, falling back to default profiles: default
2021-01-29 17:04:42.000  INFO 13696 --- [    Test worker] com.zaxxer.hikari.HikariDataSource       : pool - Starting...
2021-01-29 17:04:42.003  INFO 13696 --- [    Test worker] com.zaxxer.hikari.HikariDataSource       : pool - Start completed.
2021-01-29 17:04:42.510  INFO 13696 --- [    Test worker] pertySourcedRequestMappingHandlerMapping : Mapped URL path [/v2/api-docs] onto method [springfox.documentation.swagger2.web.Swagger2Controller#getDocumentation(String, HttpServletRequest)]
2021-01-29 17:04:42.515  INFO 13696 --- [    Test worker] o.s.j.d.e.EmbeddedDatabaseFactory        : Starting embedded database: url='jdbc:h2:mem:testdb;DB_CLOSE_DELAY=-1;DB_CLOSE_ON_EXIT=false', username='sa'
2021-01-29 17:04:42.523  INFO 13696 --- [    Test worker] o.f.c.internal.database.DatabaseFactory  : Database: jdbc:h2:mem:testdb (H2 1.4)
2021-01-29 17:04:42.534  INFO 13696 --- [    Test worker] o.f.core.internal.command.DbValidate     : Successfully validated 2 migrations (execution time 00:00.004s)
2021-01-29 17:04:42.540  INFO 13696 --- [    Test worker] o.f.core.internal.command.DbMigrate      : Current version of schema "PUBLIC": 1.1
2021-01-29 17:04:42.541  INFO 13696 --- [    Test worker] o.f.core.internal.command.DbMigrate      : Schema "PUBLIC" is up to date. No migration necessary.
2021-01-29 17:04:42.648  INFO 13696 --- [    Test worker] o.s.s.concurrent.ThreadPoolTaskExecutor  : Initializing ExecutorService 'applicationTaskExecutor'
2021-01-29 17:04:42.835  INFO 13696 --- [    Test worker] o.s.b.t.m.w.SpringBootMockServletContext : Initializing Spring TestDispatcherServlet ''
2021-01-29 17:04:42.835  INFO 13696 --- [    Test worker] o.s.t.web.servlet.TestDispatcherServlet  : Initializing Servlet ''
2021-01-29 17:04:42.848  INFO 13696 --- [    Test worker] o.s.t.web.servlet.TestDispatcherServlet  : Completed initialization in 12 ms
2021-01-29 17:04:42.870  INFO 13696 --- [    Test worker] d.s.w.p.DocumentationPluginsBootstrapper : Context refreshed
2021-01-29 17:04:42.871  INFO 13696 --- [    Test worker] d.s.w.p.DocumentationPluginsBootstrapper : Found 1 custom documentation plugin(s)
2021-01-29 17:04:42.882  INFO 13696 --- [    Test worker] s.d.s.w.s.ApiListingReferenceScanner     : Scanning for api listing references
2021-01-29 17:04:42.951  INFO 13696 --- [    Test worker] c.c.u.c.ConsultaControladorUsuarioTest   : Started ConsultaControladorUsuarioTest in 1.574 seconds (JVM running for 11.723)
]]></system-out>
  <system-err><![CDATA[]]></system-err>
</testsuite>
