<?xml version="1.0" encoding="UTF-8"?>
<testsuite name="com.ceiba.cliente.controlador.ComandoControladorClienteTest" tests="3" skipped="0" failures="0" errors="0" timestamp="2021-02-02T06:00:50" hostname="ANDRES-MONTOYA" time="0.029">
  <properties/>
  <testcase name="actualizar" classname="com.ceiba.cliente.controlador.ComandoControladorClienteTest" time="0.014"/>
  <testcase name="crear" classname="com.ceiba.cliente.controlador.ComandoControladorClienteTest" time="0.006"/>
  <testcase name="eliminar" classname="com.ceiba.cliente.controlador.ComandoControladorClienteTest" time="0.007"/>
  <system-out><![CDATA[2021-02-02 01:00:49.213  INFO 9512 --- [    Test worker] o.s.t.c.support.AbstractContextLoader    : Could not detect default resource locations for test class [com.ceiba.cliente.controlador.ComandoControladorClienteTest]: no resource found for suffixes {-context.xml, Context.groovy}.
2021-02-02 01:00:49.216  INFO 9512 --- [    Test worker] .b.t.a.w.s.WebMvcTestContextBootstrapper : Loaded default TestExecutionListener class names from location [META-INF/spring.factories]: [org.springframework.boot.test.autoconfigure.restdocs.RestDocsTestExecutionListener, org.springframework.boot.test.autoconfigure.web.client.MockRestServiceServerResetTestExecutionListener, org.springframework.boot.test.autoconfigure.web.servlet.MockMvcPrintOnlyOnFailureTestExecutionListener, org.springframework.boot.test.autoconfigure.web.servlet.WebDriverTestExecutionListener, org.springframework.boot.test.mock.mockito.MockitoTestExecutionListener, org.springframework.boot.test.mock.mockito.ResetMocksTestExecutionListener, org.springframework.test.context.web.ServletTestExecutionListener, org.springframework.test.context.support.DirtiesContextBeforeModesTestExecutionListener, org.springframework.test.context.support.DependencyInjectionTestExecutionListener, org.springframework.test.context.support.DirtiesContextTestExecutionListener, org.springframework.test.context.transaction.TransactionalTestExecutionListener, org.springframework.test.context.jdbc.SqlScriptsTestExecutionListener, org.springframework.test.context.event.EventPublishingTestExecutionListener]
2021-02-02 01:00:49.216  INFO 9512 --- [    Test worker] .b.t.a.w.s.WebMvcTestContextBootstrapper : Using TestExecutionListeners: [org.springframework.test.context.web.ServletTestExecutionListener@4f6a8378, org.springframework.test.context.support.DirtiesContextBeforeModesTestExecutionListener@6596c23, org.springframework.boot.test.mock.mockito.MockitoTestExecutionListener@1f6e6d64, org.springframework.boot.test.autoconfigure.SpringBootDependencyInjectionTestExecutionListener@3e29fd63, org.springframework.test.context.support.DirtiesContextTestExecutionListener@2543c89d, org.springframework.test.context.transaction.TransactionalTestExecutionListener@68368062, org.springframework.test.context.jdbc.SqlScriptsTestExecutionListener@45fc54d, org.springframework.test.context.event.EventPublishingTestExecutionListener@75ece240, org.springframework.boot.test.autoconfigure.restdocs.RestDocsTestExecutionListener@4ed0cb40, org.springframework.boot.test.autoconfigure.web.client.MockRestServiceServerResetTestExecutionListener@12396768, org.springframework.boot.test.autoconfigure.web.servlet.MockMvcPrintOnlyOnFailureTestExecutionListener@68b6adcf, org.springframework.boot.test.autoconfigure.web.servlet.WebDriverTestExecutionListener@7a5abc7b, org.springframework.boot.test.mock.mockito.ResetMocksTestExecutionListener@3218f2bb]

  .   ____          _            __ _ _
 /\\ / ___'_ __ _ _(_)_ __  __ _ \ \ \ \
( ( )\___ | '_ | '_| | '_ \/ _` | \ \ \ \
 \\/  ___)| |_)| | | | | || (_| |  ) ) ) )
  '  |____| .__|_| |_|_| |_\__, | / / / /
 =========|_|==============|___/=/_/_/_/
 :: Spring Boot ::        (v2.2.4.RELEASE)

2021-02-02 01:00:49.247  INFO 9512 --- [    Test worker] c.c.c.c.ComandoControladorClienteTest    : Starting ComandoControladorClienteTest on ANDRES-MONTOYA with PID 9512 (started by andres.montoya in D:\CEIBA\ADN CEIBA\alquiler-autos-de-lujo\backend\microservicio\infraestructura)
2021-02-02 01:00:49.248  INFO 9512 --- [    Test worker] c.c.c.c.ComandoControladorClienteTest    : No active profile set, falling back to default profiles: default
2021-02-02 01:00:49.555  INFO 9512 --- [    Test worker] com.zaxxer.hikari.HikariDataSource       : pool - Starting...
2021-02-02 01:00:49.556  INFO 9512 --- [    Test worker] com.zaxxer.hikari.HikariDataSource       : pool - Start completed.
2021-02-02 01:00:49.905  INFO 9512 --- [    Test worker] pertySourcedRequestMappingHandlerMapping : Mapped URL path [/v2/api-docs] onto method [springfox.documentation.swagger2.web.Swagger2Controller#getDocumentation(String, HttpServletRequest)]
2021-02-02 01:00:49.908  INFO 9512 --- [    Test worker] o.s.j.d.e.EmbeddedDatabaseFactory        : Starting embedded database: url='jdbc:h2:mem:testdb;DB_CLOSE_DELAY=-1;DB_CLOSE_ON_EXIT=false', username='sa'
2021-02-02 01:00:49.915  INFO 9512 --- [    Test worker] o.f.c.internal.database.DatabaseFactory  : Database: jdbc:h2:mem:testdb (H2 1.4)
2021-02-02 01:00:49.928  INFO 9512 --- [    Test worker] o.f.core.internal.command.DbValidate     : Successfully validated 2 migrations (execution time 00:00.007s)
2021-02-02 01:00:49.932  INFO 9512 --- [    Test worker] o.f.core.internal.command.DbMigrate      : Current version of schema "PUBLIC": 1.1
2021-02-02 01:00:49.932  INFO 9512 --- [    Test worker] o.f.core.internal.command.DbMigrate      : Schema "PUBLIC" is up to date. No migration necessary.
2021-02-02 01:00:50.002  INFO 9512 --- [    Test worker] o.s.s.concurrent.ThreadPoolTaskExecutor  : Initializing ExecutorService 'applicationTaskExecutor'
2021-02-02 01:00:50.105  INFO 9512 --- [    Test worker] o.s.b.t.m.w.SpringBootMockServletContext : Initializing Spring TestDispatcherServlet ''
2021-02-02 01:00:50.105  INFO 9512 --- [    Test worker] o.s.t.web.servlet.TestDispatcherServlet  : Initializing Servlet ''
2021-02-02 01:00:50.109  INFO 9512 --- [    Test worker] o.s.t.web.servlet.TestDispatcherServlet  : Completed initialization in 4 ms
2021-02-02 01:00:50.124  INFO 9512 --- [    Test worker] d.s.w.p.DocumentationPluginsBootstrapper : Context refreshed
2021-02-02 01:00:50.125  INFO 9512 --- [    Test worker] d.s.w.p.DocumentationPluginsBootstrapper : Found 1 custom documentation plugin(s)
2021-02-02 01:00:50.130  INFO 9512 --- [    Test worker] s.d.s.w.s.ApiListingReferenceScanner     : Scanning for api listing references
2021-02-02 01:00:50.161  INFO 9512 --- [    Test worker] .d.s.w.r.o.CachingOperationNameGenerator : Generating unique operation named: crearUsingPOST_1
2021-02-02 01:00:50.172  INFO 9512 --- [    Test worker] .d.s.w.r.o.CachingOperationNameGenerator : Generating unique operation named: actualizarUsingPUT_1
2021-02-02 01:00:50.194  INFO 9512 --- [    Test worker] .d.s.w.r.o.CachingOperationNameGenerator : Generating unique operation named: crearUsingPOST_2
2021-02-02 01:00:50.204  INFO 9512 --- [    Test worker] c.c.c.c.ComandoControladorClienteTest    : Started ComandoControladorClienteTest in 0.986 seconds (JVM running for 7.077)
]]></system-out>
  <system-err><![CDATA[]]></system-err>
</testsuite>
