<?xml version="1.0" encoding="UTF-8"?>
<testsuite name="com.ceiba.cliente.controlador.ComandoControladorClienteTest" tests="3" skipped="0" failures="0" errors="0" timestamp="2021-02-02T04:58:23" hostname="ANDRES-MONTOYA" time="0.032">
  <properties/>
  <testcase name="actualizar" classname="com.ceiba.cliente.controlador.ComandoControladorClienteTest" time="0.014"/>
  <testcase name="crear" classname="com.ceiba.cliente.controlador.ComandoControladorClienteTest" time="0.007"/>
  <testcase name="eliminar" classname="com.ceiba.cliente.controlador.ComandoControladorClienteTest" time="0.009"/>
  <system-out><![CDATA[2021-02-01 23:58:22.346  INFO 10020 --- [    Test worker] o.s.t.c.support.AbstractContextLoader    : Could not detect default resource locations for test class [com.ceiba.cliente.controlador.ComandoControladorClienteTest]: no resource found for suffixes {-context.xml, Context.groovy}.
2021-02-01 23:58:22.349  INFO 10020 --- [    Test worker] .b.t.a.w.s.WebMvcTestContextBootstrapper : Loaded default TestExecutionListener class names from location [META-INF/spring.factories]: [org.springframework.boot.test.autoconfigure.restdocs.RestDocsTestExecutionListener, org.springframework.boot.test.autoconfigure.web.client.MockRestServiceServerResetTestExecutionListener, org.springframework.boot.test.autoconfigure.web.servlet.MockMvcPrintOnlyOnFailureTestExecutionListener, org.springframework.boot.test.autoconfigure.web.servlet.WebDriverTestExecutionListener, org.springframework.boot.test.mock.mockito.MockitoTestExecutionListener, org.springframework.boot.test.mock.mockito.ResetMocksTestExecutionListener, org.springframework.test.context.web.ServletTestExecutionListener, org.springframework.test.context.support.DirtiesContextBeforeModesTestExecutionListener, org.springframework.test.context.support.DependencyInjectionTestExecutionListener, org.springframework.test.context.support.DirtiesContextTestExecutionListener, org.springframework.test.context.transaction.TransactionalTestExecutionListener, org.springframework.test.context.jdbc.SqlScriptsTestExecutionListener, org.springframework.test.context.event.EventPublishingTestExecutionListener]
2021-02-01 23:58:22.350  INFO 10020 --- [    Test worker] .b.t.a.w.s.WebMvcTestContextBootstrapper : Using TestExecutionListeners: [org.springframework.test.context.web.ServletTestExecutionListener@41c4a234, org.springframework.test.context.support.DirtiesContextBeforeModesTestExecutionListener@41f7ce6b, org.springframework.boot.test.mock.mockito.MockitoTestExecutionListener@1a2ad328, org.springframework.boot.test.autoconfigure.SpringBootDependencyInjectionTestExecutionListener@64006bb9, org.springframework.test.context.support.DirtiesContextTestExecutionListener@b1b00f, org.springframework.test.context.transaction.TransactionalTestExecutionListener@7f4aa2e4, org.springframework.test.context.jdbc.SqlScriptsTestExecutionListener@33b58db6, org.springframework.test.context.event.EventPublishingTestExecutionListener@548f75da, org.springframework.boot.test.autoconfigure.restdocs.RestDocsTestExecutionListener@5933868c, org.springframework.boot.test.autoconfigure.web.client.MockRestServiceServerResetTestExecutionListener@734442cc, org.springframework.boot.test.autoconfigure.web.servlet.MockMvcPrintOnlyOnFailureTestExecutionListener@6c03b92f, org.springframework.boot.test.autoconfigure.web.servlet.WebDriverTestExecutionListener@430d30d0, org.springframework.boot.test.mock.mockito.ResetMocksTestExecutionListener@64fd9db]

  .   ____          _            __ _ _
 /\\ / ___'_ __ _ _(_)_ __  __ _ \ \ \ \
( ( )\___ | '_ | '_| | '_ \/ _` | \ \ \ \
 \\/  ___)| |_)| | | | | || (_| |  ) ) ) )
  '  |____| .__|_| |_|_| |_\__, | / / / /
 =========|_|==============|___/=/_/_/_/
 :: Spring Boot ::        (v2.2.4.RELEASE)

2021-02-01 23:58:22.378  INFO 10020 --- [    Test worker] c.c.c.c.ComandoControladorClienteTest    : Starting ComandoControladorClienteTest on ANDRES-MONTOYA with PID 10020 (started by andres.montoya in D:\CEIBA\ADN CEIBA\alquiler-autos-de-lujo\backend\microservicio\infraestructura)
2021-02-01 23:58:22.379  INFO 10020 --- [    Test worker] c.c.c.c.ComandoControladorClienteTest    : No active profile set, falling back to default profiles: default
2021-02-01 23:58:22.696  INFO 10020 --- [    Test worker] com.zaxxer.hikari.HikariDataSource       : pool - Starting...
2021-02-01 23:58:22.698  INFO 10020 --- [    Test worker] com.zaxxer.hikari.HikariDataSource       : pool - Start completed.
2021-02-01 23:58:23.067  INFO 10020 --- [    Test worker] pertySourcedRequestMappingHandlerMapping : Mapped URL path [/v2/api-docs] onto method [springfox.documentation.swagger2.web.Swagger2Controller#getDocumentation(String, HttpServletRequest)]
2021-02-01 23:58:23.069  INFO 10020 --- [    Test worker] o.s.j.d.e.EmbeddedDatabaseFactory        : Starting embedded database: url='jdbc:h2:mem:testdb;DB_CLOSE_DELAY=-1;DB_CLOSE_ON_EXIT=false', username='sa'
2021-02-01 23:58:23.073  INFO 10020 --- [    Test worker] o.f.c.internal.database.DatabaseFactory  : Database: jdbc:h2:mem:testdb (H2 1.4)
2021-02-01 23:58:23.084  INFO 10020 --- [    Test worker] o.f.core.internal.command.DbValidate     : Successfully validated 2 migrations (execution time 00:00.008s)
2021-02-01 23:58:23.088  INFO 10020 --- [    Test worker] o.f.core.internal.command.DbMigrate      : Current version of schema "PUBLIC": 1.1
2021-02-01 23:58:23.089  INFO 10020 --- [    Test worker] o.f.core.internal.command.DbMigrate      : Schema "PUBLIC" is up to date. No migration necessary.
2021-02-01 23:58:23.166  INFO 10020 --- [    Test worker] o.s.s.concurrent.ThreadPoolTaskExecutor  : Initializing ExecutorService 'applicationTaskExecutor'
2021-02-01 23:58:23.261  INFO 10020 --- [    Test worker] o.s.b.t.m.w.SpringBootMockServletContext : Initializing Spring TestDispatcherServlet ''
2021-02-01 23:58:23.262  INFO 10020 --- [    Test worker] o.s.t.web.servlet.TestDispatcherServlet  : Initializing Servlet ''
2021-02-01 23:58:23.268  INFO 10020 --- [    Test worker] o.s.t.web.servlet.TestDispatcherServlet  : Completed initialization in 6 ms
2021-02-01 23:58:23.281  INFO 10020 --- [    Test worker] d.s.w.p.DocumentationPluginsBootstrapper : Context refreshed
2021-02-01 23:58:23.281  INFO 10020 --- [    Test worker] d.s.w.p.DocumentationPluginsBootstrapper : Found 1 custom documentation plugin(s)
2021-02-01 23:58:23.290  INFO 10020 --- [    Test worker] s.d.s.w.s.ApiListingReferenceScanner     : Scanning for api listing references
2021-02-01 23:58:23.323  INFO 10020 --- [    Test worker] .d.s.w.r.o.CachingOperationNameGenerator : Generating unique operation named: crearUsingPOST_1
2021-02-01 23:58:23.334  INFO 10020 --- [    Test worker] .d.s.w.r.o.CachingOperationNameGenerator : Generating unique operation named: actualizarUsingPUT_1
2021-02-01 23:58:23.339  INFO 10020 --- [    Test worker] .d.s.w.r.o.CachingOperationNameGenerator : Generating unique operation named: crearUsingPOST_2
2021-02-01 23:58:23.357  INFO 10020 --- [    Test worker] .d.s.w.r.o.CachingOperationNameGenerator : Generating unique operation named: actualizarUsingPUT_2
2021-02-01 23:58:23.362  INFO 10020 --- [    Test worker] .d.s.w.r.o.CachingOperationNameGenerator : Generating unique operation named: crearUsingPOST_3
2021-02-01 23:58:23.368  INFO 10020 --- [    Test worker] .d.s.w.r.o.CachingOperationNameGenerator : Generating unique operation named: eliminarUsingDELETE_1
2021-02-01 23:58:23.381  INFO 10020 --- [    Test worker] c.c.c.c.ComandoControladorClienteTest    : Started ComandoControladorClienteTest in 1.028 seconds (JVM running for 7.455)
]]></system-out>
  <system-err><![CDATA[]]></system-err>
</testsuite>
