<?xml version="1.0" encoding="UTF-8"?>
<testsuite name="com.ceiba.cliente.controlador.ComandoControladorClienteTest" tests="3" skipped="0" failures="0" errors="0" timestamp="2021-02-02T06:16:07" hostname="ANDRES-MONTOYA" time="0.025">
  <properties/>
  <testcase name="actualizar" classname="com.ceiba.cliente.controlador.ComandoControladorClienteTest" time="0.012"/>
  <testcase name="crear" classname="com.ceiba.cliente.controlador.ComandoControladorClienteTest" time="0.007"/>
  <testcase name="eliminar" classname="com.ceiba.cliente.controlador.ComandoControladorClienteTest" time="0.005"/>
  <system-out><![CDATA[2021-02-02 01:16:07.048  INFO 19760 --- [    Test worker] o.s.t.c.support.AbstractContextLoader    : Could not detect default resource locations for test class [com.ceiba.cliente.controlador.ComandoControladorClienteTest]: no resource found for suffixes {-context.xml, Context.groovy}.
2021-02-02 01:16:07.051  INFO 19760 --- [    Test worker] .b.t.a.w.s.WebMvcTestContextBootstrapper : Loaded default TestExecutionListener class names from location [META-INF/spring.factories]: [org.springframework.boot.test.autoconfigure.restdocs.RestDocsTestExecutionListener, org.springframework.boot.test.autoconfigure.web.client.MockRestServiceServerResetTestExecutionListener, org.springframework.boot.test.autoconfigure.web.servlet.MockMvcPrintOnlyOnFailureTestExecutionListener, org.springframework.boot.test.autoconfigure.web.servlet.WebDriverTestExecutionListener, org.springframework.boot.test.mock.mockito.MockitoTestExecutionListener, org.springframework.boot.test.mock.mockito.ResetMocksTestExecutionListener, org.springframework.test.context.web.ServletTestExecutionListener, org.springframework.test.context.support.DirtiesContextBeforeModesTestExecutionListener, org.springframework.test.context.support.DependencyInjectionTestExecutionListener, org.springframework.test.context.support.DirtiesContextTestExecutionListener, org.springframework.test.context.transaction.TransactionalTestExecutionListener, org.springframework.test.context.jdbc.SqlScriptsTestExecutionListener, org.springframework.test.context.event.EventPublishingTestExecutionListener]
2021-02-02 01:16:07.051  INFO 19760 --- [    Test worker] .b.t.a.w.s.WebMvcTestContextBootstrapper : Using TestExecutionListeners: [org.springframework.test.context.web.ServletTestExecutionListener@4ab65178, org.springframework.test.context.support.DirtiesContextBeforeModesTestExecutionListener@26bf50bb, org.springframework.boot.test.mock.mockito.MockitoTestExecutionListener@47bf8401, org.springframework.boot.test.autoconfigure.SpringBootDependencyInjectionTestExecutionListener@4c2640fd, org.springframework.test.context.support.DirtiesContextTestExecutionListener@3463f590, org.springframework.test.context.transaction.TransactionalTestExecutionListener@6805512f, org.springframework.test.context.jdbc.SqlScriptsTestExecutionListener@53215fa2, org.springframework.test.context.event.EventPublishingTestExecutionListener@2dfedc93, org.springframework.boot.test.autoconfigure.restdocs.RestDocsTestExecutionListener@69a73c9, org.springframework.boot.test.autoconfigure.web.client.MockRestServiceServerResetTestExecutionListener@44d4d61c, org.springframework.boot.test.autoconfigure.web.servlet.MockMvcPrintOnlyOnFailureTestExecutionListener@1d515d6b, org.springframework.boot.test.autoconfigure.web.servlet.WebDriverTestExecutionListener@46101016, org.springframework.boot.test.mock.mockito.ResetMocksTestExecutionListener@13c13726]

  .   ____          _            __ _ _
 /\\ / ___'_ __ _ _(_)_ __  __ _ \ \ \ \
( ( )\___ | '_ | '_| | '_ \/ _` | \ \ \ \
 \\/  ___)| |_)| | | | | || (_| |  ) ) ) )
  '  |____| .__|_| |_|_| |_\__, | / / / /
 =========|_|==============|___/=/_/_/_/
 :: Spring Boot ::        (v2.2.4.RELEASE)

2021-02-02 01:16:07.072  INFO 19760 --- [    Test worker] c.c.c.c.ComandoControladorClienteTest    : Starting ComandoControladorClienteTest on ANDRES-MONTOYA with PID 19760 (started by andres.montoya in D:\CEIBA\ADN CEIBA\alquiler-autos-de-lujo\backend\microservicio\infraestructura)
2021-02-02 01:16:07.073  INFO 19760 --- [    Test worker] c.c.c.c.ComandoControladorClienteTest    : No active profile set, falling back to default profiles: default
2021-02-02 01:16:07.356  INFO 19760 --- [    Test worker] com.zaxxer.hikari.HikariDataSource       : pool - Starting...
2021-02-02 01:16:07.357  INFO 19760 --- [    Test worker] com.zaxxer.hikari.HikariDataSource       : pool - Start completed.
2021-02-02 01:16:07.657  INFO 19760 --- [    Test worker] pertySourcedRequestMappingHandlerMapping : Mapped URL path [/v2/api-docs] onto method [springfox.documentation.swagger2.web.Swagger2Controller#getDocumentation(String, HttpServletRequest)]
2021-02-02 01:16:07.659  INFO 19760 --- [    Test worker] o.s.j.d.e.EmbeddedDatabaseFactory        : Starting embedded database: url='jdbc:h2:mem:testdb;DB_CLOSE_DELAY=-1;DB_CLOSE_ON_EXIT=false', username='sa'
2021-02-02 01:16:07.663  INFO 19760 --- [    Test worker] o.f.c.internal.database.DatabaseFactory  : Database: jdbc:h2:mem:testdb (H2 1.4)
2021-02-02 01:16:07.674  INFO 19760 --- [    Test worker] o.f.core.internal.command.DbValidate     : Successfully validated 2 migrations (execution time 00:00.005s)
2021-02-02 01:16:07.678  INFO 19760 --- [    Test worker] o.f.core.internal.command.DbMigrate      : Current version of schema "PUBLIC": 1.1
2021-02-02 01:16:07.679  INFO 19760 --- [    Test worker] o.f.core.internal.command.DbMigrate      : Schema "PUBLIC" is up to date. No migration necessary.
2021-02-02 01:16:07.745  INFO 19760 --- [    Test worker] o.s.s.concurrent.ThreadPoolTaskExecutor  : Initializing ExecutorService 'applicationTaskExecutor'
2021-02-02 01:16:07.841  INFO 19760 --- [    Test worker] o.s.b.t.m.w.SpringBootMockServletContext : Initializing Spring TestDispatcherServlet ''
2021-02-02 01:16:07.841  INFO 19760 --- [    Test worker] o.s.t.web.servlet.TestDispatcherServlet  : Initializing Servlet ''
2021-02-02 01:16:07.846  INFO 19760 --- [    Test worker] o.s.t.web.servlet.TestDispatcherServlet  : Completed initialization in 5 ms
2021-02-02 01:16:07.856  INFO 19760 --- [    Test worker] d.s.w.p.DocumentationPluginsBootstrapper : Context refreshed
2021-02-02 01:16:07.857  INFO 19760 --- [    Test worker] d.s.w.p.DocumentationPluginsBootstrapper : Found 1 custom documentation plugin(s)
2021-02-02 01:16:07.861  INFO 19760 --- [    Test worker] s.d.s.w.s.ApiListingReferenceScanner     : Scanning for api listing references
2021-02-02 01:16:07.889  INFO 19760 --- [    Test worker] .d.s.w.r.o.CachingOperationNameGenerator : Generating unique operation named: crearUsingPOST_1
2021-02-02 01:16:07.902  INFO 19760 --- [    Test worker] .d.s.w.r.o.CachingOperationNameGenerator : Generating unique operation named: actualizarUsingPUT_1
2021-02-02 01:16:07.907  INFO 19760 --- [    Test worker] .d.s.w.r.o.CachingOperationNameGenerator : Generating unique operation named: crearUsingPOST_2
2021-02-02 01:16:07.918  INFO 19760 --- [    Test worker] c.c.c.c.ComandoControladorClienteTest    : Started ComandoControladorClienteTest in 0.865 seconds (JVM running for 8.092)
]]></system-out>
  <system-err><![CDATA[]]></system-err>
</testsuite>
